<?xml version="1.0" encoding="UTF-8"?>
<!-- Generated by org.testng.reporters.JUnitReportReporter -->
<testsuite hostname="LAPTOP-MJDNU09S" name="com.glb.us.fblogin.Facebook" tests="1" failures="0" timestamp="31 Jan 2021 11:57:35 GMT" time="41.670" errors="0">
  <testcase name="login" time="41.670" classname="com.glb.us.fblogin.Facebook"/>
</testsuite> <!-- com.glb.us.fblogin.Facebook -->
